SF:lib/Clases/clases.dart
DA:5,1
DA:6,1
DA:11,1
DA:12,1
DA:17,1
DA:18,1
DA:23,1
DA:24,1
LF:8
LH:8
end_of_record
SF:lib/Clases/clasesbuilder.dart
DA:12,1
DA:13,2
DA:16,1
DA:17,1
DA:20,2
DA:22,1
DA:23,1
DA:24,0
DA:29,1
DA:30,2
DA:31,1
DA:32,2
DA:33,2
DA:34,3
DA:35,1
DA:42,1
DA:43,1
DA:46,1
DA:47,1
DA:50,5
DA:51,5
DA:52,5
DA:53,5
DA:54,5
DA:55,5
DA:56,5
DA:57,5
DA:60,2
DA:61,2
DA:62,4
DA:67,1
DA:68,1
LF:32
LH:31
end_of_record
SF:lib/Razas/PersonajeBuilder.dart
DA:13,1
DA:14,1
DA:15,2
DA:18,1
DA:19,1
DA:22,2
DA:24,1
DA:25,1
DA:26,0
DA:31,1
DA:32,2
DA:33,1
DA:34,2
DA:35,2
DA:36,3
DA:38,1
DA:45,1
DA:46,2
DA:47,1
DA:50,1
DA:51,1
DA:52,1
DA:53,4
DA:54,3
DA:57,1
DA:58,1
DA:59,2
DA:62,1
DA:63,4
DA:64,4
DA:67,1
DA:68,1
LF:32
LH:31
end_of_record
SF:lib/Razas/razas.dart
DA:9,2
DA:10,1
DA:18,2
DA:19,1
DA:27,2
DA:28,1
DA:36,2
DA:37,1
LF:8
LH:8
end_of_record
SF:lib/Razas/Personaje.dart
DA:10,1
DA:13,0
DA:14,0
DA:15,0
DA:18,0
DA:19,0
DA:20,0
DA:21,0
DA:24,1
DA:25,1
DA:28,0
DA:29,0
DA:32,1
DA:33,1
DA:36,1
DA:37,1
DA:40,1
DA:41,1
DA:44,1
DA:45,1
DA:48,1
DA:49,1
DA:52,1
DA:54,1
DA:55,1
DA:58,3
DA:59,2
DA:63,3
DA:64,2
DA:68,1
LF:30
LH:21
end_of_record
SF:lib/fachada.dart
DA:11,1
DA:14,1
DA:16,1
DA:21,1
DA:22,2
DA:23,2
DA:24,2
LF:7
LH:7
end_of_record
SF:lib/gestorPersonajes.dart
DA:8,1
DA:10,1
DA:11,1
DA:15,1
DA:16,2
DA:19,0
DA:20,0
DA:23,1
DA:24,4
DA:25,2
DA:31,1
DA:32,4
DA:33,2
DA:40,1
DA:41,2
DA:44,1
DA:46,5
DA:48,0
DA:51,1
DA:53,5
DA:55,0
DA:58,1
DA:60,0
DA:62,5
DA:65,1
DA:67,0
DA:69,7
DA:74,1
DA:77,1
DA:78,2
DA:80,5
DA:83,1
DA:84,2
DA:86,5
LF:34
LH:28
end_of_record
SF:lib/Razas/director.dart
DA:8,1
DA:9,1
DA:12,1
DA:13,2
DA:14,3
DA:15,2
DA:18,1
DA:19,1
LF:8
LH:8
end_of_record
